<?xml version="1.0" encoding="utf-8" standalone="no"?>
<!--This file represents the results of running a test suite-->
<test-results name="F:\code\castle\Castle.Services.Transaction\src\Castle.Facilities.AutoTx.Tests\bin\Release\Castle.Facilities.AutoTx.Tests.dll" total="12" errors="0" failures="0" not-run="2" inconclusive="0" ignored="2" skipped="0" invalid="0" date="2011-04-22" time="04:48:12">
  <environment nunit-version="2.5.9.10348" clr-version="2.0.50727.5444" os-version="Microsoft Windows NT 6.1.7601 Service Pack 1" platform="Win32NT" cwd="F:\code\castle\Castle.Services.Transaction" machine-name="ISOMORPHISM" user="xyz" user-domain="isomorphism" />
  <culture-info current-culture="sv-SE" current-uiculture="en-US" />
  <test-suite type="Assembly" name="F:\code\castle\Castle.Services.Transaction\src\Castle.Facilities.AutoTx.Tests\bin\Release\Castle.Facilities.AutoTx.Tests.dll" executed="True" result="Success" success="True" time="1.817" asserts="0">
    <results>
      <test-suite type="Namespace" name="Castle" executed="True" result="Success" success="True" time="1.796" asserts="0">
        <results>
          <test-suite type="Namespace" name="Facilities" executed="True" result="Success" success="True" time="1.793" asserts="0">
            <results>
              <test-suite type="Namespace" name="AutoTx" executed="True" result="Success" success="True" time="1.789" asserts="0">
                <results>
                  <test-suite type="Namespace" name="Tests" executed="True" result="Success" success="True" time="1.788" asserts="0">
                    <results>
                      <test-suite type="TestFixture" name="InitTests" executed="True" result="Success" success="True" time="0.879" asserts="0">
                        <results>
                          <test-case name="Castle.Facilities.AutoTx.Tests.InitTests.Cannot_Register_Class_Without_Virtual_Method" executed="True" result="Success" success="True" time="0.869" asserts="2" />
                        </results>
                      </test-suite>
                      <test-suite type="TestFixture" name="MultipleThreads_TransactionBookKeeping" executed="True" result="Success" success="True" time="0.567" asserts="0">
                        <results>
                          <test-case name="Castle.Facilities.AutoTx.Tests.MultipleThreads_TransactionBookKeeping.Count_InTheAmbientContext_IsOne" executed="True" result="Success" success="True" time="0.563" asserts="5" />
                          <test-case name="Castle.Facilities.AutoTx.Tests.MultipleThreads_TransactionBookKeeping.InterleavingWhereChildCommit_IsOutstanding_OverParent" executed="False" result="Ignored">
                            <reason>
                              <message><![CDATA[Fork's exception handling needs work; exceptions are thrown on finalizer thread right now, todo in TxInterceptor code]]></message>
                            </reason>
                          </test-case>
                        </results>
                      </test-suite>
                      <test-suite type="TestFixture" name="RetryPolicies_Transactions" executed="False" result="Ignored">
                        <reason>
                          <message><![CDATA[Implement retry policies are nicer to test with e.g. NHibernate integration parts.]]></message>
                        </reason>
                        <results>
                          <test-case name="Castle.Facilities.AutoTx.Tests.RetryPolicies_Transactions.retrying_twice_on_timeout" executed="False" result="Ignored">
                            <reason>
                              <message><![CDATA[Implement retry policies are nicer to test with e.g. NHibernate integration parts.]]></message>
                            </reason>
                          </test-case>
                        </results>
                      </test-suite>
                      <test-suite type="TestFixture" name="SingleThread_Ambient_OnConcreteType" executed="True" result="Success" success="True" time="0.091" asserts="0">
                        <results>
                          <test-case name="Castle.Facilities.AutoTx.Tests.SingleThread_Ambient_OnConcreteType.NonRecursive" executed="True" result="Success" success="True" time="0.062" asserts="2" />
                          <test-case name="Castle.Facilities.AutoTx.Tests.SingleThread_Ambient_OnConcreteType.Recursive" executed="True" result="Success" success="True" time="0.027" asserts="3" />
                        </results>
                      </test-suite>
                      <test-suite type="TestFixture" name="SingleThread_Ambient_OnInterface" executed="True" result="Success" success="True" time="0.166" asserts="0">
                        <results>
                          <test-case name="Castle.Facilities.AutoTx.Tests.SingleThread_Ambient_OnInterface.Automatically_Starts_CommitableTransaction" executed="True" result="Success" success="True" time="0.026" asserts="2" />
                          <test-case name="Castle.Facilities.AutoTx.Tests.SingleThread_Ambient_OnInterface.Inline_Rollback_ResourceGetsRolledBack" executed="True" result="Success" success="True" time="0.047" asserts="2" />
                          <test-case name="Castle.Facilities.AutoTx.Tests.SingleThread_Ambient_OnInterface.IsDisposed_OnException_And_ActiveDuring_MethodCall" executed="True" result="Success" success="True" time="0.028" asserts="3" />
                          <test-case name="Castle.Facilities.AutoTx.Tests.SingleThread_Ambient_OnInterface.Method_Can_RollbackItself" executed="True" result="Success" success="True" time="0.026" asserts="1" />
                          <test-case name="Castle.Facilities.AutoTx.Tests.SingleThread_Ambient_OnInterface.RecursiveTransactions_Inner_Should_Be_DependentTransaction" executed="True" result="Success" success="True" time="0.033" asserts="5" />
                        </results>
                      </test-suite>
                      <test-suite type="TestFixture" name="SingleThread_SupressInAmbient" executed="True" result="Success" success="True" time="0.051" asserts="0">
                        <results>
                          <test-case name="Castle.Facilities.AutoTx.Tests.SingleThread_SupressInAmbient.SupressedTransaction_InCurrentTransaction" executed="True" result="Success" success="True" time="0.026" asserts="2" />
                          <test-case name="Castle.Facilities.AutoTx.Tests.SingleThread_SupressInAmbient.SupressedTransaction_NoCurrentTransaction" executed="True" result="Success" success="True" time="0.022" asserts="1" />
                        </results>
                      </test-suite>
                      <test-suite type="TestFixture" name="TxClassMetaInfoStore_MetaData" executed="True" result="Success" success="True" time="0.004" asserts="0">
                        <results>
                          <test-case name="Castle.Facilities.AutoTx.Tests.TxClassMetaInfoStore_MetaData.CanGetTxClassMetaInfo" executed="True" result="Success" success="True" time="0.003" asserts="2" />
                        </results>
                      </test-suite>
                    </results>
                  </test-suite>
                </results>
              </test-suite>
            </results>
          </test-suite>
        </results>
      </test-suite>
    </results>
  </test-suite>
</test-results>